<?xml version="1.0" encoding="UTF-8"?>
<testsuite name="com.stackqueue.MyQueueTest" tests="1" skipped="0" failures="0" errors="0" timestamp="2021-05-02T20:22:52" hostname="DESKTOP-45808RR" time="0.01">
  <properties/>
  <testcase name="given3NumbersInStackWhenPoppedShouldMatchWithLastAddedNode" classname="com.stackqueue.MyQueueTest" time="0.01"/>
  <system-out><![CDATA[MyNodes56->3070
]]></system-out>
  <system-err><![CDATA[]]></system-err>
</testsuite>
