<?xml version="1.0" encoding="UTF-8"?>
<testsuite name="com.stackqueue.MyQueueTest" tests="1" skipped="0" failures="0" errors="0" timestamp="2021-05-02T20:05:33" hostname="DESKTOP-45808RR" time="0.009">
  <properties/>
  <testcase name="given3NumbersInQueueWhenAddedShouldPassQueueTest" classname="com.stackqueue.MyQueueTest" time="0.009"/>
  <system-out><![CDATA[MyNodes56->30->70
]]></system-out>
  <system-err><![CDATA[]]></system-err>
</testsuite>
